<?xml version="1.0" encoding="UTF-8"?>
<!-- Generated by org.testng.reporters.JUnitXMLReporter -->
<testsuite ignored="0" hostname="DESKTOP-1AJB1FQ" failures="0" tests="5" name="Smoke Test" time="44.742" errors="0" timestamp="2025-04-30T20:54:13 IST">
  <testcase classname="tests.T4_CLRegressionTest" name="contactSignUp" time="1.032"/>
  <testcase classname="tests.T4_CLRegressionTest" name="contactAdd" time="25.716"/>
  <testcase classname="tests.T4_CLRegressionTest" name="contactEdit" time="5.87"/>
  <testcase classname="tests.T4_CLRegressionTest" name="contactDelete" time="3.648"/>
  <testcase classname="tests.T4_CLRegressionTest" name="contactLogout" time="5.642"/>
</testsuite> <!-- Smoke Test -->
