<?xml version="1.0" encoding="UTF-8"?>
<testng-results ignored="0" total="7" passed="7" failed="0" skipped="0">
  <reporter-output>
  </reporter-output>
  <suite started-at="2025-04-30T20:53:21 IST" name="Suite" finished-at="2025-04-30T20:54:18 IST" duration-ms="56208">
    <groups>
    </groups>
    <test started-at="2025-04-30T20:53:21 IST" name="RegressionTest" finished-at="2025-04-30T20:53:28 IST" duration-ms="6478">
      <class name="tests.T1_CLRegisterTest">
        <test-method is-config="true" signature="CLbrowserlaunch()[pri:0, instance:tests.T1_CLRegisterTest@3cebbb30]" started-at="2025-04-30T20:53:21 IST" name="CLbrowserlaunch" finished-at="2025-04-30T20:53:25 IST" duration-ms="3915" status="PASS">
          <reporter-output>
          </reporter-output>
        </test-method> <!-- CLbrowserlaunch -->
        <test-method is-config="true" signature="setup()[pri:0, instance:tests.T1_CLRegisterTest@3cebbb30]" started-at="2025-04-30T20:53:25 IST" name="setup" finished-at="2025-04-30T20:53:26 IST" depends-on-methods="UtilityClass.CLUtilityClass.CLbrowserlaunch" duration-ms="195" status="PASS">
          <reporter-output>
          </reporter-output>
        </test-method> <!-- setup -->
        <test-method is-config="true" signature="testDetails()[pri:0, instance:tests.T1_CLRegisterTest@3cebbb30]" started-at="2025-04-30T20:53:26 IST" name="testDetails" finished-at="2025-04-30T20:53:26 IST" duration-ms="7" status="PASS">
          <reporter-output>
          </reporter-output>
        </test-method> <!-- testDetails -->
        <test-method signature="CLRegisterTest()[pri:0, instance:tests.T1_CLRegisterTest@3cebbb30]" started-at="2025-04-30T20:53:26 IST" name="CLRegisterTest" finished-at="2025-04-30T20:53:27 IST" duration-ms="1008" status="PASS">
          <reporter-output>
          </reporter-output>
        </test-method> <!-- CLRegisterTest -->
        <test-method is-config="true" signature="CLcloseBrowser()[pri:0, instance:tests.T1_CLRegisterTest@3cebbb30]" started-at="2025-04-30T20:53:27 IST" name="CLcloseBrowser" finished-at="2025-04-30T20:53:28 IST" duration-ms="1297" status="PASS">
          <reporter-output>
          </reporter-output>
        </test-method> <!-- CLcloseBrowser -->
      </class> <!-- tests.T1_CLRegisterTest -->
    </test> <!-- RegressionTest -->
    <test started-at="2025-04-30T20:53:28 IST" name="Smoke Test" finished-at="2025-04-30T20:54:13 IST" duration-ms="44742">
      <class name="tests.T4_CLRegressionTest">
        <test-method is-config="true" signature="CLbrowserlaunch()[pri:0, instance:tests.T4_CLRegressionTest@6221a451]" started-at="2025-04-30T20:53:28 IST" name="CLbrowserlaunch" finished-at="2025-04-30T20:53:31 IST" duration-ms="2817" status="PASS">
          <reporter-output>
          </reporter-output>
        </test-method> <!-- CLbrowserlaunch -->
        <test-method is-config="true" signature="setup()[pri:0, instance:tests.T4_CLRegressionTest@6221a451]" started-at="2025-04-30T20:53:31 IST" name="setup" finished-at="2025-04-30T20:53:31 IST" depends-on-methods="UtilityClass.CLUtilityClass.CLbrowserlaunch" duration-ms="3" status="PASS">
          <reporter-output>
          </reporter-output>
        </test-method> <!-- setup -->
        <test-method is-config="true" signature="testDetails()[pri:0, instance:tests.T4_CLRegressionTest@6221a451]" started-at="2025-04-30T20:53:31 IST" name="testDetails" finished-at="2025-04-30T20:53:31 IST" duration-ms="2" status="PASS">
          <reporter-output>
          </reporter-output>
        </test-method> <!-- testDetails -->
        <test-method signature="contactSignUp()[pri:1, instance:tests.T4_CLRegressionTest@6221a451]" started-at="2025-04-30T20:53:31 IST" name="contactSignUp" finished-at="2025-04-30T20:53:32 IST" duration-ms="1032" status="PASS">
          <reporter-output>
          </reporter-output>
        </test-method> <!-- contactSignUp -->
        <test-method signature="contactAdd()[pri:2, instance:tests.T4_CLRegressionTest@6221a451]" started-at="2025-04-30T20:53:32 IST" name="contactAdd" finished-at="2025-04-30T20:53:57 IST" duration-ms="25716" status="PASS">
          <reporter-output>
          </reporter-output>
        </test-method> <!-- contactAdd -->
        <test-method signature="contactEdit()[pri:3, instance:tests.T4_CLRegressionTest@6221a451]" started-at="2025-04-30T20:53:57 IST" name="contactEdit" finished-at="2025-04-30T20:54:03 IST" duration-ms="5870" status="PASS">
          <reporter-output>
          </reporter-output>
        </test-method> <!-- contactEdit -->
        <test-method signature="contactDelete()[pri:4, instance:tests.T4_CLRegressionTest@6221a451]" started-at="2025-04-30T20:54:03 IST" name="contactDelete" finished-at="2025-04-30T20:54:07 IST" duration-ms="3648" status="PASS">
          <reporter-output>
          </reporter-output>
        </test-method> <!-- contactDelete -->
        <test-method signature="contactLogout()[pri:5, instance:tests.T4_CLRegressionTest@6221a451]" started-at="2025-04-30T20:54:07 IST" name="contactLogout" finished-at="2025-04-30T20:54:13 IST" duration-ms="5642" status="PASS">
          <reporter-output>
          </reporter-output>
        </test-method> <!-- contactLogout -->
        <test-method is-config="true" signature="CLcloseBrowser()[pri:0, instance:tests.T4_CLRegressionTest@6221a451]" started-at="2025-04-30T20:54:13 IST" name="CLcloseBrowser" finished-at="2025-04-30T20:54:13 IST" duration-ms="1" status="PASS">
          <reporter-output>
          </reporter-output>
        </test-method> <!-- CLcloseBrowser -->
      </class> <!-- tests.T4_CLRegressionTest -->
    </test> <!-- Smoke Test -->
    <test started-at="2025-04-30T20:54:13 IST" name="Validation Test" finished-at="2025-04-30T20:54:18 IST" duration-ms="4964">
      <class name="tests.T5_CLInvalidLoginTest">
        <test-method is-config="true" signature="CLbrowserlaunch()[pri:0, instance:tests.T5_CLInvalidLoginTest@25641d39]" started-at="2025-04-30T20:54:13 IST" name="CLbrowserlaunch" finished-at="2025-04-30T20:54:16 IST" duration-ms="3279" status="PASS">
          <reporter-output>
          </reporter-output>
        </test-method> <!-- CLbrowserlaunch -->
        <test-method is-config="true" signature="setup()[pri:0, instance:tests.T5_CLInvalidLoginTest@25641d39]" started-at="2025-04-30T20:54:16 IST" name="setup" finished-at="2025-04-30T20:54:16 IST" depends-on-methods="UtilityClass.CLUtilityClass.CLbrowserlaunch" duration-ms="2" status="PASS">
          <reporter-output>
          </reporter-output>
        </test-method> <!-- setup -->
        <test-method is-config="true" signature="testDetails()[pri:0, instance:tests.T5_CLInvalidLoginTest@25641d39]" started-at="2025-04-30T20:54:16 IST" name="testDetails" finished-at="2025-04-30T20:54:16 IST" duration-ms="1" status="PASS">
          <reporter-output>
          </reporter-output>
        </test-method> <!-- testDetails -->
        <test-method signature="CLInvalidLoginTest()[pri:1, instance:tests.T5_CLInvalidLoginTest@25641d39]" started-at="2025-04-30T20:54:16 IST" name="CLInvalidLoginTest" finished-at="2025-04-30T20:54:16 IST" duration-ms="429" status="PASS">
          <reporter-output>
          </reporter-output>
        </test-method> <!-- CLInvalidLoginTest -->
        <test-method is-config="true" signature="CLcloseBrowser()[pri:0, instance:tests.T5_CLInvalidLoginTest@25641d39]" started-at="2025-04-30T20:54:16 IST" name="CLcloseBrowser" finished-at="2025-04-30T20:54:18 IST" duration-ms="1252" status="PASS">
          <reporter-output>
          </reporter-output>
        </test-method> <!-- CLcloseBrowser -->
        <test-method is-config="true" signature="DBreportClose()[pri:0, instance:tests.T5_CLInvalidLoginTest@25641d39]" started-at="2025-04-30T20:54:18 IST" name="DBreportClose" finished-at="2025-04-30T20:54:18 IST" duration-ms="458" status="PASS">
          <reporter-output>
          </reporter-output>
        </test-method> <!-- DBreportClose -->
      </class> <!-- tests.T5_CLInvalidLoginTest -->
    </test> <!-- Validation Test -->
  </suite> <!-- Suite -->
</testng-results>
