<?xml version="1.0" encoding="UTF-8"?>
<testsuite xmlns:xsi="http://www.w3.org/2001/XMLSchema-instance" xsi:noNamespaceSchemaLocation="https://maven.apache.org/surefire/maven-surefire-plugin/xsd/surefire-test-report-3.0.xsd" version="3.0" name="TestSuite" time="57.762" tests="7" errors="0" skipped="0" failures="0">
  <properties>
[...]
</properties>
  <testcase name="CLRegisterTest" classname="tests.T1_CLRegisterTest" time="1.007">
    <system-out><![CDATA[20:53:21.206 [main] DEBUG org.testng.TestNG -- suiteXmlPath: "C:\Users\HOSUR PS\IdeaProjects\Project2\testng.xml"
20:53:21.975 [main] DEBUG io.github.bonigarcia.wdm.WebDriverManager -- Using WebDriverManager 5.9.2
20:53:22.477 [main] DEBUG io.github.bonigarcia.wdm.cache.ResolutionCache -- Resolution edge=135 in cache (valid until 21:05:58 30/04/2025 IST)
20:53:22.478 [main] DEBUG io.github.bonigarcia.wdm.cache.ResolutionCache -- Resolution edge135=135.0.3179.98 in cache (valid until 19:33:52 01/05/2025 IST)
20:53:22.481 [main] INFO io.github.bonigarcia.wdm.WebDriverManager -- Using msedgedriver 135.0.3179.98 (resolved driver for Edge 135)
20:53:22.532 [main] DEBUG io.github.bonigarcia.wdm.WebDriverManager -- Driver msedgedriver 135.0.3179.98 found in cache
20:53:22.533 [main] INFO io.github.bonigarcia.wdm.WebDriverManager -- Exporting webdriver.edge.driver as C:\Users\HOSUR PS\.cache\selenium\msedgedriver\win64\135.0.3179.98\msedgedriver.exe
Login Email ID: sathiya886333@testing.com
]]></system-out>
    <system-err><![CDATA[Apr 30, 2025 8:53:24 PM org.openqa.selenium.devtools.CdpVersionFinder findNearestMatch
WARNING: Unable to find an exact match for CDP version 135, returning the closest version; found: 131; Please update to a Selenium version that supports CDP version 135
]]></system-err>
  </testcase>
  <testcase name="contactSignUp" classname="tests.T4_CLRegressionTest" time="1.031">
    <system-out><![CDATA[20:53:28.410 [main] DEBUG io.github.bonigarcia.wdm.WebDriverManager -- Using WebDriverManager 5.9.2
20:53:28.428 [main] DEBUG io.github.bonigarcia.wdm.cache.ResolutionCache -- Resolution edge=135 in cache (valid until 21:05:58 30/04/2025 IST)
20:53:28.428 [main] DEBUG io.github.bonigarcia.wdm.cache.ResolutionCache -- Resolution edge135=135.0.3179.98 in cache (valid until 19:33:52 01/05/2025 IST)
20:53:28.429 [main] INFO io.github.bonigarcia.wdm.WebDriverManager -- Using msedgedriver 135.0.3179.98 (resolved driver for Edge 135)
20:53:28.456 [main] DEBUG io.github.bonigarcia.wdm.WebDriverManager -- Driver msedgedriver 135.0.3179.98 found in cache
20:53:28.458 [main] INFO io.github.bonigarcia.wdm.WebDriverManager -- Exporting webdriver.edge.driver as C:\Users\HOSUR PS\.cache\selenium\msedgedriver\win64\135.0.3179.98\msedgedriver.exe
Login Email ID: sathiya620806@testing.com
]]></system-out>
    <system-err><![CDATA[Apr 30, 2025 8:53:29 PM org.openqa.selenium.devtools.CdpVersionFinder findNearestMatch
WARNING: Unable to find an exact match for CDP version 135, returning the closest version; found: 131; Please update to a Selenium version that supports CDP version 135
]]></system-err>
  </testcase>
  <testcase name="contactAdd" classname="tests.T4_CLRegressionTest" time="25.715">
    <system-out><![CDATA[247722@testing.com
264012@testing.com
708165@testing.com
798509@testing.com
68054@testing.com
Contacts are in alphabetical order.
]]></system-out>
  </testcase>
  <testcase name="contactEdit" classname="tests.T4_CLRegressionTest" time="5.87"/>
  <testcase name="contactDelete" classname="tests.T4_CLRegressionTest" time="3.648"/>
  <testcase name="contactLogout" classname="tests.T4_CLRegressionTest" time="5.643">
    <system-out><![CDATA[Logout Successfully...!!!
]]></system-out>
  </testcase>
  <testcase name="CLInvalidLoginTest" classname="tests.T5_CLInvalidLoginTest" time="0.429">
    <system-out><![CDATA[20:54:13.158 [main] DEBUG io.github.bonigarcia.wdm.WebDriverManager -- Using WebDriverManager 5.9.2
20:54:13.169 [main] DEBUG io.github.bonigarcia.wdm.cache.ResolutionCache -- Resolution edge=135 in cache (valid until 21:05:58 30/04/2025 IST)
20:54:13.170 [main] DEBUG io.github.bonigarcia.wdm.cache.ResolutionCache -- Resolution edge135=135.0.3179.98 in cache (valid until 19:33:52 01/05/2025 IST)
20:54:13.170 [main] INFO io.github.bonigarcia.wdm.WebDriverManager -- Using msedgedriver 135.0.3179.98 (resolved driver for Edge 135)
20:54:13.194 [main] DEBUG io.github.bonigarcia.wdm.WebDriverManager -- Driver msedgedriver 135.0.3179.98 found in cache
20:54:13.194 [main] INFO io.github.bonigarcia.wdm.WebDriverManager -- Exporting webdriver.edge.driver as C:\Users\HOSUR PS\.cache\selenium\msedgedriver\win64\135.0.3179.98\msedgedriver.exe

Login is Unsuccessfull
Screenshot saved successfully: C:\Users\HOSUR PS\IdeaProjects\Project2\CLSnaps\null_20250430_205416.png
]]></system-out>
    <system-err><![CDATA[Apr 30, 2025 8:54:14 PM org.openqa.selenium.devtools.CdpVersionFinder findNearestMatch
WARNING: Unable to find an exact match for CDP version 135, returning the closest version; found: 131; Please update to a Selenium version that supports CDP version 135
]]></system-err>
  </testcase>
</testsuite>