<?xml version="1.0" encoding="UTF-8"?>
<!-- Generated by org.testng.reporters.JUnitReportReporter -->
<testsuite hostname="DESKTOP-1AJB1FQ" failures="0" tests="5" name="tests.T4_CLRegressionTest" time="41.908" errors="0" timestamp="2025-04-30T20:54:18 IST" skipped="0">
  <testcase classname="tests.T4_CLRegressionTest" name="contactSignUp" time="1.032"/>
  <testcase classname="tests.T4_CLRegressionTest" name="contactAdd" time="25.716"/>
  <testcase classname="tests.T4_CLRegressionTest" name="contactEdit" time="5.870"/>
  <testcase classname="tests.T4_CLRegressionTest" name="contactDelete" time="3.648"/>
  <testcase classname="tests.T4_CLRegressionTest" name="contactLogout" time="5.642"/>
</testsuite> <!-- tests.T4_CLRegressionTest -->
